<?xml version="1.0" encoding="UTF-8"?>
<robot generator="Robot 6.1.1 (Python 3.11.4 on win32)" generated="20231226 20:01:30.558" rpa="false" schemaversion="4">
<suite id="s1" name="Test Case 1" source="C:\Users\www.abcom.in\vscode-workspace\robot-automation-framework\tests\test_case_1.robot">
<test id="s1-t1" name="LoginTest" line="10">
<kw name="Create Webdriver" library="SeleniumLibrary">
<arg>chrome</arg>
<arg>executable_path="C:\drivers\chromedriver.exe"</arg>
<doc>Creates an instance of Selenium WebDriver.</doc>
<msg timestamp="20231226 20:01:30.789" level="INFO">Creating an instance of the chrome WebDriver.</msg>
<msg timestamp="20231226 20:01:30.789" level="INFO">Cannot capture screenshot because no browser is open.</msg>
<msg timestamp="20231226 20:01:30.789" level="FAIL">TypeError: 'module' object is not callable</msg>
<status status="FAIL" starttime="20231226 20:01:30.789" endtime="20231226 20:01:30.791"/>
</kw>
<kw name="Open Browser" library="SeleniumLibrary">
<arg>https://opensource-demo.orangehrmlive.com/</arg>
<arg>chrome</arg>
<doc>Opens a new browser instance to the optional ``url``.</doc>
<status status="NOT RUN" starttime="20231226 20:01:30.791" endtime="20231226 20:01:30.791"/>
</kw>
<status status="FAIL" starttime="20231226 20:01:30.789" endtime="20231226 20:01:30.791">TypeError: 'module' object is not callable</status>
</test>
<status status="FAIL" starttime="20231226 20:01:30.559" endtime="20231226 20:01:30.795"/>
</suite>
<statistics>
<total>
<stat pass="0" fail="1" skip="0">All Tests</stat>
</total>
<tag>
</tag>
<suite>
<stat pass="0" fail="1" skip="0" id="s1" name="Test Case 1">Test Case 1</stat>
</suite>
</statistics>
<errors>
</errors>
</robot>
