<?xml version="1.0" encoding="UTF-8"?>
<robot generator="Robot 6.1.1 (Python 3.11.4 on win32)" generated="20231227 19:54:50.914" rpa="false" schemaversion="4">
<suite id="s1" name="Robot-Automation-Framework" source="C:\Users\www.abcom.in\vscode-workspace\robot-automation-framework">
<suite id="s1-s1" name="Tests" source="C:\Users\www.abcom.in\vscode-workspace\robot-automation-framework\tests">
<suite id="s1-s1-s1" name="Test Case 1" source="C:\Users\www.abcom.in\vscode-workspace\robot-automation-framework\tests\test_case_1.robot">
<test id="s1-s1-s1-t1" name="LoginTest" line="12">
<kw name="Open Browser" library="SeleniumLibrary">
<arg>${site_url}</arg>
<arg>${browser}</arg>
<doc>Opens a new browser instance to the optional ``url``.</doc>
<msg timestamp="20231227 19:54:51.139" level="INFO">Opening browser 'firefox' to base url 'https://opensource-demo.orangehrmlive.com/'.</msg>
<status status="PASS" starttime="20231227 19:54:51.138" endtime="20231227 19:55:02.970"/>
</kw>
<kw name="Set Variable" library="BuiltIn">
<var>${username_locator}</var>
<arg>xpath://input[@placeholder='Username']</arg>
<doc>Returns the given values which can then be assigned to a variables.</doc>
<msg timestamp="20231227 19:55:02.972" level="INFO">${username_locator} = xpath://input[@placeholder='Username']</msg>
<status status="PASS" starttime="20231227 19:55:02.971" endtime="20231227 19:55:02.972"/>
</kw>
<kw name="Wait Until Element Is Visible" library="SeleniumLibrary">
<arg>${username_locator}</arg>
<arg>${timeout}</arg>
<doc>Waits until the element ``locator`` is visible.</doc>
<status status="PASS" starttime="20231227 19:55:02.974" endtime="20231227 19:55:03.734"/>
</kw>
<kw name="Input Text" library="SeleniumLibrary">
<arg>xpath://input[@placeholder='Username']</arg>
<arg>Admin</arg>
<doc>Types the given ``text`` into the text field identified by ``locator``.</doc>
<msg timestamp="20231227 19:55:03.735" level="INFO">Typing text 'Admin' into text field 'xpath://input[@placeholder='Username']'.</msg>
<status status="PASS" starttime="20231227 19:55:03.734" endtime="20231227 19:55:03.762"/>
</kw>
<kw name="Input Text" library="SeleniumLibrary">
<arg>xpath://input[@placeholder='Password']</arg>
<arg>admin123</arg>
<doc>Types the given ``text`` into the text field identified by ``locator``.</doc>
<msg timestamp="20231227 19:55:03.766" level="INFO">Typing text 'admin123' into text field 'xpath://input[@placeholder='Password']'.</msg>
<status status="PASS" starttime="20231227 19:55:03.765" endtime="20231227 19:55:03.788"/>
</kw>
<kw name="Click Element" library="SeleniumLibrary">
<arg>xpath://button[@type='submit']</arg>
<doc>Click the element identified by ``locator``.</doc>
<msg timestamp="20231227 19:55:03.789" level="INFO">Clicking element 'xpath://button[@type='submit']'.</msg>
<status status="PASS" starttime="20231227 19:55:03.789" endtime="20231227 19:55:05.999"/>
</kw>
<kw name="Sleep" library="BuiltIn">
<arg>10s</arg>
<doc>Pauses the test executed for the given time.</doc>
<msg timestamp="20231227 19:55:16.002" level="INFO">Slept 10 seconds</msg>
<status status="PASS" starttime="20231227 19:55:06.001" endtime="20231227 19:55:16.002"/>
</kw>
<kw name="Element Should Be Visible" library="SeleniumLibrary">
<arg>xpath://p[contains(text(), 'Collings')]</arg>
<doc>Verifies that the element identified by ``locator`` is visible.</doc>
<msg timestamp="20231227 19:55:16.043" level="INFO">Element 'xpath://p[contains(text(), 'Collings')]' is displayed.</msg>
<status status="PASS" starttime="20231227 19:55:16.004" endtime="20231227 19:55:16.044"/>
</kw>
<kw name="Close Browser" library="SeleniumLibrary">
<doc>Closes the current browser.</doc>
<status status="PASS" starttime="20231227 19:55:16.047" endtime="20231227 19:55:18.950"/>
</kw>
<status status="PASS" starttime="20231227 19:54:51.137" endtime="20231227 19:55:18.952"/>
</test>
<status status="PASS" starttime="20231227 19:54:50.954" endtime="20231227 19:55:18.956"/>
</suite>
<status status="PASS" starttime="20231227 19:54:50.948" endtime="20231227 19:55:18.963"/>
</suite>
<status status="PASS" starttime="20231227 19:54:50.918" endtime="20231227 19:55:18.968"/>
</suite>
<statistics>
<total>
<stat pass="1" fail="0" skip="0">All Tests</stat>
</total>
<tag>
</tag>
<suite>
<stat pass="1" fail="0" skip="0" id="s1" name="Robot-Automation-Framework">Robot-Automation-Framework</stat>
<stat pass="1" fail="0" skip="0" id="s1-s1" name="Tests">Robot-Automation-Framework.Tests</stat>
<stat pass="1" fail="0" skip="0" id="s1-s1-s1" name="Test Case 1">Robot-Automation-Framework.Tests.Test Case 1</stat>
</suite>
</statistics>
<errors>
</errors>
</robot>
